d:\education\pbr_cpu_raytracer\pbr_cpu_raytracer\x64\debug\vc143.pdb
d:\education\pbr_cpu_raytracer\pbr_cpu_raytracer\x64\debug\vc143.idb
d:\education\pbr_cpu_raytracer\pbr_cpu_raytracer\x64\debug\stb.obj
d:\education\pbr_cpu_raytracer\pbr_cpu_raytracer\x64\debug\film.obj
d:\education\pbr_cpu_raytracer\pbr_cpu_raytracer\x64\debug\scene.obj
d:\education\pbr_cpu_raytracer\pbr_cpu_raytracer\x64\debug\imagehandler.obj
d:\education\pbr_cpu_raytracer\pbr_cpu_raytracer\x64\debug\gltfloader.obj
d:\education\pbr_cpu_raytracer\pbr_cpu_raytracer\x64\debug\model.obj
d:\education\pbr_cpu_raytracer\pbr_cpu_raytracer\x64\debug\main.obj
d:\education\pbr_cpu_raytracer\pbr_cpu_raytracer\x64\debug\camera.obj
d:\education\pbr_cpu_raytracer\x64\debug\pbr_cpu_raytracer.exe
d:\education\pbr_cpu_raytracer\pbr_cpu_raytracer\x64\debug\pbr_cpu_raytracer.ilk
d:\education\pbr_cpu_raytracer\x64\debug\pbr_cpu_raytracer.pdb
d:\raytracer\pbr_cpu_raytracer\pbr_cpu_raytracer\x64\debug\pbr_cpu_raytracer.vcxproj.cppwinrt_comp.cache
d:\raytracer\pbr_cpu_raytracer\pbr_cpu_raytracer\x64\debug\pbr_cpu_raytracer.vcxproj.cppwinrt_plat.cache
d:\raytracer\pbr_cpu_raytracer\pbr_cpu_raytracer\x64\debug\pbr_cpu_raytracer.vcxproj.mdmergeinputs.cache
d:\raytracer\pbr_cpu_raytracer\pbr_cpu_raytracer\x64\debug\camera.obj
d:\raytracer\pbr_cpu_raytracer\pbr_cpu_raytracer\x64\debug\film.obj
d:\raytracer\pbr_cpu_raytracer\pbr_cpu_raytracer\x64\debug\gltfloader.obj
d:\raytracer\pbr_cpu_raytracer\pbr_cpu_raytracer\x64\debug\imagehandler.obj
d:\raytracer\pbr_cpu_raytracer\pbr_cpu_raytracer\x64\debug\main.obj
d:\raytracer\pbr_cpu_raytracer\pbr_cpu_raytracer\x64\debug\model.obj
d:\raytracer\pbr_cpu_raytracer\pbr_cpu_raytracer\x64\debug\scene.obj
d:\raytracer\pbr_cpu_raytracer\pbr_cpu_raytracer\x64\debug\stb.obj
d:\raytracer\pbr_cpu_raytracer\pbr_cpu_raytracer\x64\debug\pbr_cpu_raytracer.ilk
d:\raytracer\pbr_cpu_raytracer\pbr_cpu_raytracer\x64\debug\pbr_cpu_raytracer.vcxproj.cppwinrt_comp.rsp
d:\raytracer\pbr_cpu_raytracer\pbr_cpu_raytracer\x64\debug\pbr_cpu_raytracer.vcxproj.cppwinrt_plat.rsp
d:\raytracer\pbr_cpu_raytracer\pbr_cpu_raytracer\x64\debug\pbr_cpu_raytracer.vcxproj.mdmerge.rsp
d:\raytracer\pbr_cpu_raytracer\pbr_cpu_raytracer\x64\debug\pbr_cpu_raytracer.vcxproj.midlrt.rsp
d:\raytracer\pbr_cpu_raytracer\pbr_cpu_raytracer\x64\debug\vc143.idb
d:\raytracer\pbr_cpu_raytracer\pbr_cpu_raytracer\x64\debug\vc143.pdb
d:\raytracer\pbr_cpu_raytracer\x64\debug\pbr_cpu_raytracer.pdb
d:\raytracer\pbr_cpu_raytracer\x64\debug\pbr_cpu_raytracer.exe
d:\raytracer\pbr_cpu_raytracer\pbr_cpu_raytracer\x64\debug\pbr_cpu_.506625b9.tlog\cl.command.1.tlog
d:\raytracer\pbr_cpu_raytracer\pbr_cpu_raytracer\x64\debug\pbr_cpu_.506625b9.tlog\cl.items.tlog
d:\raytracer\pbr_cpu_raytracer\pbr_cpu_raytracer\x64\debug\pbr_cpu_.506625b9.tlog\cl.read.1.tlog
d:\raytracer\pbr_cpu_raytracer\pbr_cpu_raytracer\x64\debug\pbr_cpu_.506625b9.tlog\cl.write.1.tlog
d:\raytracer\pbr_cpu_raytracer\pbr_cpu_raytracer\x64\debug\pbr_cpu_.506625b9.tlog\link.command.1.tlog
d:\raytracer\pbr_cpu_raytracer\pbr_cpu_raytracer\x64\debug\pbr_cpu_.506625b9.tlog\link.read.1.tlog
d:\raytracer\pbr_cpu_raytracer\pbr_cpu_raytracer\x64\debug\pbr_cpu_.506625b9.tlog\link.write.1.tlog
